<?xml version="1.0" encoding="UTF-8"?>
<!-- Generated by org.testng.reporters.JUnitXMLReporter -->
<testsuite ignored="0" hostname="DESKTOP-9A31APC" failures="1" tests="8" name="Test" time="0.021" errors="0" timestamp="13 Dec. 2020 23:14:39 GMT">
  <testcase classname="selenium.Testing1" name="Test1" time="0.0"/>
  <testcase classname="selenium.Testing1" name="Test2" time="0.0"/>
  <testcase classname="selenium.Testing1" name="Test3" time="0.0"/>
  <testcase classname="selenium.Testing2" name="Test4" time="0.0"/>
  <testcase classname="selenium.Testing2" name="Test5" time="0.0"/>
  <testcase classname="selenium.Testing3" name="createuser" time="0.001">
    <failure type="java.lang.AssertionError" message="Invalid Value expected [true] but found [false]">
      <![CDATA[java.lang.AssertionError: Invalid Value expected [true] but found [false]
at selenium.Testing3.createuser(Testing3.java:13)
... Removed 27 stack frames]]>
    </failure>
  </testcase> <!-- createuser -->
  <testcase classname="selenium.Testing3" name="edituser" time="0.0">
    <skipped/>
  </testcase> <!-- edituser -->
  <testcase classname="selenium.Testing3" name="deleteuser" time="0.0">
    <skipped/>
  </testcase> <!-- deleteuser -->
</testsuite> <!-- Test -->
