<html xmlns:math="http://exslt.org/math" xmlns:testng="http://testng.org">
   <head>
      <title>TestNG Results</title>
      <meta http-equiv="content-type" content="text/html; charset=utf-8"></meta>
      <meta http-equiv="pragma" content="no-cache"></meta>
      <meta http-equiv="cache-control" content="max-age=0"></meta>
      <meta http-equiv="cache-control" content="no-cache"></meta>
      <meta http-equiv="cache-control" content="no-store"></meta>
      <LINK rel="stylesheet" href="style.css"></LINK>
      <script type="text/javascript" src="main.js"></script>
   </head>
   <body>
      <table width="100%" style="font-size: 16px; margin-bottom: 10px;" cellspacing="1">
         <tr>
            <td width="100%">
               All methods in suite
               
               <b>Suite</b>
            </td>
            <td style="background-color: #FFBBBB; padding: 3px 3px 3px 0;" align="center">
               <div style="width: 50px;">1</div>
            </td>
            <td style="background-color: lightgreen; padding: 3px 3px 3px 0;" align="center">
               <div style="width: 50px;">5</div>
            </td>
            <td style="background-color: #FFFFBB; padding: 3px 3px 3px 0;" align="center">
               <div style="width: 50px;">2</div>
            </td>
            <td align="center" style="background-color: #eaf0f7; padding: 3px 3px 3px 0;">
               <div style="width: 50px;">8</div>
            </td>
            <td align="center"
                style="font-weight: bold; background-color: #eaf0f7; padding: 3px 3px 3px 0;">
               <div style="width: 50px;">62%</div>
            </td>
            <td style="background-color: #eaf0f7; padding: 3px 3px 3px 0;" align="center"
                nowrap="true">21 ms
               
            </td>
         </tr>
      </table>
      <div style="width: 200px;">
         <label for="groupMethodsCheckBox" style="font-weight: bold; margin: 0;">
            <input id="groupMethodsCheckBox" type="checkbox" onclick="switchTestMethodsView(this)"></input>
            Group by class
            
         </label>
         <br></br>
         <label for="methodsFilter_ALL" style="font-weight: bold; margin: 0;">
            <input id="methodsFilter_ALL" type="checkbox"
                   onclick="testMethodsFilterChanged(this, 'ALL')"></input>
            All
            
         </label>
      </div>
      <label for="methodsFilter_FAIL" style="margin-left: 20px;">
         <input id="methodsFilter_FAIL" type="checkbox"
                onclick="testMethodsFilterChanged(this, 'FAIL')"
                checked=""></input>
         Failed
         
      </label>
      <label for="methodsFilter_PASS">
         <input id="methodsFilter_PASS" type="checkbox"
                onclick="testMethodsFilterChanged(this, 'PASS')"
                checked=""></input>
         Passed
         
      </label>
      <label for="methodsFilter_SKIP">
         <input id="methodsFilter_SKIP" type="checkbox"
                onclick="testMethodsFilterChanged(this, 'SKIP')"
                checked=""></input>
         Skipped
         
      </label>
      <label for="methodsFilter_CONF">
         <input id="methodsFilter_CONF" type="checkbox"
                onclick="testMethodsFilterChanged(this, 'CONF')"></input>
         Config
         
      </label>
      <br></br>
      <div id="testMethodsByStatus">
         <table class="testMethodsTable" cellpadding="0" cellspacing="0">
            <tr class="methodsTableHeader">
               <td width="100%">Name</td>
               <td nowrap="true">Started</td>
               <td nowrap="true">Duration</td>
               <td>Exception</td>
            </tr>
            <tr id="selenium.Testing3_createuser_byStatus_failed_FAIL1_row"
                class="testMethodStatusFAIL">
               <td width="100%" class="firstMethodCell">
                  <a onclick="toggleDetailsVisibility('selenium.Testing3_createuser_byStatus_failed_FAIL1_details')">createuser()</a>
               </td>
               <td nowrap="true">23:14:39</td>
               <td nowrap="true" align="right">1 ms
                  
               </td>
               <td nowrap="true">
                  <a onclick="toggleDetailsVisibility('selenium.Testing3_createuser_byStatus_failed_FAIL1_exception')">java.lang.AssertionError: 
                     Invalid Value expected [true] but found [false]
                     
                  </a>
                   
                  
               </td>
            </tr>
            <tr>
               <td colspan="4" class="detailsBox">
                  <div id="selenium.Testing3_createuser_byStatus_failed_FAIL1_details"
                       class="testMethodDetails">
                     <div>
                        <b>Name: </b>createuser
                     </div>
                     <div>
                        <b>Signature: </b>createuser()[pri:1, instance:selenium.Testing3@5faeada1]
                     </div>
                     <div>
                        <b>Start time: </b>23:14:39
                     </div>
                     <div>
                        <b>End time: </b>23:14:39
                     </div>
                     <div>
                        <b>Duration: </b>1 ms
                        
                     </div>
                  </div>
               </td>
            </tr>
            <tr>
               <td colspan="4" class="detailsBox">
                  <div id="selenium.Testing3_createuser_byStatus_failed_FAIL1_exception"
                       class="testMethodDetails">
                     <pre style="padding: 5px; margin: 0;">java.lang.AssertionError: Invalid Value expected [true] but found [false]
                        at org.testng.Assert.fail(Assert.java:96)
                        at org.testng.Assert.failNotEquals(Assert.java:776)
                        at org.testng.Assert.assertTrue(Assert.java:44)
                        at selenium.Testing3.createuser(Testing3.java:13)
                        at java.base/jdk.internal.reflect.NativeMethodAccessorImpl.invoke0(Native Method)
                        at java.base/jdk.internal.reflect.NativeMethodAccessorImpl.invoke(NativeMethodAccessorImpl.java:62)
                        at java.base/jdk.internal.reflect.DelegatingMethodAccessorImpl.invoke(DelegatingMethodAccessorImpl.java:43)
                        at java.base/java.lang.reflect.Method.invoke(Method.java:564)
                        at org.testng.internal.MethodInvocationHelper.invokeMethod(MethodInvocationHelper.java:124)
                        at org.testng.internal.Invoker.invokeMethod(Invoker.java:580)
                        at org.testng.internal.Invoker.invokeTestMethod(Invoker.java:716)
                        at org.testng.internal.Invoker.invokeTestMethods(Invoker.java:988)
                        at org.testng.internal.TestMethodWorker.invokeTestMethods(TestMethodWorker.java:125)
                        at org.testng.internal.TestMethodWorker.run(TestMethodWorker.java:109)
                        at org.testng.TestRunner.privateRun(TestRunner.java:648)
                        at org.testng.TestRunner.run(TestRunner.java:505)
                        at org.testng.SuiteRunner.runTest(SuiteRunner.java:455)
                        at org.testng.SuiteRunner.runSequentially(SuiteRunner.java:450)
                        at org.testng.SuiteRunner.privateRun(SuiteRunner.java:415)
                        at org.testng.SuiteRunner.run(SuiteRunner.java:364)
                        at org.testng.SuiteRunnerWorker.runSuite(SuiteRunnerWorker.java:52)
                        at org.testng.SuiteRunnerWorker.run(SuiteRunnerWorker.java:84)
                        at org.testng.TestNG.runSuitesSequentially(TestNG.java:1208)
                        at org.testng.TestNG.runSuitesLocally(TestNG.java:1137)
                        at org.testng.TestNG.runSuites(TestNG.java:1049)
                        at org.testng.TestNG.run(TestNG.java:1017)
                        at org.testng.TestNG.privateMain(TestNG.java:1354)
                        at org.testng.TestNG.main(TestNG.java:1323)
                     </pre>
                  </div>
               </td>
            </tr>
            <tr id="selenium.Testing2_Test5_byStatus_passed_PASS1_row"
                class="testMethodStatusPASS">
               <td width="100%" class="firstMethodCell">
                  <a onclick="toggleDetailsVisibility('selenium.Testing2_Test5_byStatus_passed_PASS1_details')">Test5()</a>
               </td>
               <td nowrap="true">23:14:39</td>
               <td nowrap="true" align="right">0 ms
                  
               </td>
               <td nowrap="true">
                   
                  
               </td>
            </tr>
            <tr>
               <td colspan="4" class="detailsBox">
                  <div id="selenium.Testing2_Test5_byStatus_passed_PASS1_details"
                       class="testMethodDetails">
                     <div>
                        <b>Name: </b>Test5
                     </div>
                     <div>
                        <b>Signature: </b>Test5()[pri:0, instance:selenium.Testing2@7a1ebcd8]
                     </div>
                     <div>
                        <b>Start time: </b>23:14:39
                     </div>
                     <div>
                        <b>End time: </b>23:14:39
                     </div>
                     <div>
                        <b>Duration: </b>0 ms
                        
                     </div>
                  </div>
               </td>
            </tr>
            <tr></tr>
            <tr id="selenium.Testing2_Test4_byStatus_passed_PASS2_row"
                class="testMethodStatusPASS">
               <td width="100%" class="firstMethodCell">
                  <a onclick="toggleDetailsVisibility('selenium.Testing2_Test4_byStatus_passed_PASS2_details')">Test4()</a>
               </td>
               <td nowrap="true">23:14:39</td>
               <td nowrap="true" align="right">0 ms
                  
               </td>
               <td nowrap="true">
                   
                  
               </td>
            </tr>
            <tr>
               <td colspan="4" class="detailsBox">
                  <div id="selenium.Testing2_Test4_byStatus_passed_PASS2_details"
                       class="testMethodDetails">
                     <div>
                        <b>Name: </b>Test4
                     </div>
                     <div>
                        <b>Signature: </b>Test4()[pri:0, instance:selenium.Testing2@7a1ebcd8]
                     </div>
                     <div>
                        <b>Start time: </b>23:14:39
                     </div>
                     <div>
                        <b>End time: </b>23:14:39
                     </div>
                     <div>
                        <b>Duration: </b>0 ms
                        
                     </div>
                  </div>
               </td>
            </tr>
            <tr></tr>
            <tr id="selenium.Testing1_beforeSuite_byStatus_passed_PASS3_row"
                class="testMethodStatusPASS testMethodStatusCONF">
               <td width="100%" class="firstMethodCell">
                  <a onclick="toggleDetailsVisibility('selenium.Testing1_beforeSuite_byStatus_passed_PASS3_details')">beforeSuite()</a>
               </td>
               <td nowrap="true">23:14:39</td>
               <td nowrap="true" align="right">16 ms
                  
               </td>
               <td nowrap="true">
                   
                  
               </td>
            </tr>
            <tr>
               <td colspan="4" class="detailsBox">
                  <div id="selenium.Testing1_beforeSuite_byStatus_passed_PASS3_details"
                       class="testMethodDetails">
                     <div>
                        <b>Name: </b>beforeSuite
                     </div>
                     <div>
                        <b>Signature: </b>beforeSuite()[pri:0, instance:selenium.Testing1@34cd072c]
                     </div>
                     <div>
                        <b>Start time: </b>23:14:39
                     </div>
                     <div>
                        <b>End time: </b>23:14:39
                     </div>
                     <div>
                        <b>Duration: </b>16 ms
                        
                     </div>
                  </div>
               </td>
            </tr>
            <tr></tr>
            <tr id="selenium.Testing1_beforeTest_byStatus_passed_PASS4_row"
                class="testMethodStatusPASS testMethodStatusCONF">
               <td width="100%" class="firstMethodCell">
                  <a onclick="toggleDetailsVisibility('selenium.Testing1_beforeTest_byStatus_passed_PASS4_details')">beforeTest()</a>
               </td>
               <td nowrap="true">23:14:39</td>
               <td nowrap="true" align="right">0 ms
                  
               </td>
               <td nowrap="true">
                   
                  
               </td>
            </tr>
            <tr>
               <td colspan="4" class="detailsBox">
                  <div id="selenium.Testing1_beforeTest_byStatus_passed_PASS4_details"
                       class="testMethodDetails">
                     <div>
                        <b>Name: </b>beforeTest
                     </div>
                     <div>
                        <b>Signature: </b>beforeTest()[pri:0, instance:selenium.Testing1@34cd072c]
                     </div>
                     <div>
                        <b>Start time: </b>23:14:39
                     </div>
                     <div>
                        <b>End time: </b>23:14:39
                     </div>
                     <div>
                        <b>Duration: </b>0 ms
                        
                     </div>
                  </div>
               </td>
            </tr>
            <tr></tr>
            <tr id="selenium.Testing1_beforeClass_byStatus_passed_PASS5_row"
                class="testMethodStatusPASS testMethodStatusCONF">
               <td width="100%" class="firstMethodCell">
                  <a onclick="toggleDetailsVisibility('selenium.Testing1_beforeClass_byStatus_passed_PASS5_details')">beforeClass()</a>
               </td>
               <td nowrap="true">23:14:39</td>
               <td nowrap="true" align="right">0 ms
                  
               </td>
               <td nowrap="true">
                   
                  
               </td>
            </tr>
            <tr>
               <td colspan="4" class="detailsBox">
                  <div id="selenium.Testing1_beforeClass_byStatus_passed_PASS5_details"
                       class="testMethodDetails">
                     <div>
                        <b>Name: </b>beforeClass
                     </div>
                     <div>
                        <b>Signature: </b>beforeClass()[pri:0, instance:selenium.Testing1@34cd072c]
                     </div>
                     <div>
                        <b>Start time: </b>23:14:39
                     </div>
                     <div>
                        <b>End time: </b>23:14:39
                     </div>
                     <div>
                        <b>Duration: </b>0 ms
                        
                     </div>
                  </div>
               </td>
            </tr>
            <tr></tr>
            <tr id="selenium.Testing1_beforeMethod_byStatus_passed_PASS6_row"
                class="testMethodStatusPASS testMethodStatusCONF">
               <td width="100%" class="firstMethodCell">
                  <a onclick="toggleDetailsVisibility('selenium.Testing1_beforeMethod_byStatus_passed_PASS6_details')">beforeMethod()</a>
               </td>
               <td nowrap="true">23:14:39</td>
               <td nowrap="true" align="right">1 ms
                  
               </td>
               <td nowrap="true">
                   
                  
               </td>
            </tr>
            <tr>
               <td colspan="4" class="detailsBox">
                  <div id="selenium.Testing1_beforeMethod_byStatus_passed_PASS6_details"
                       class="testMethodDetails">
                     <div>
                        <b>Name: </b>beforeMethod
                     </div>
                     <div>
                        <b>Signature: </b>beforeMethod()[pri:0, instance:selenium.Testing1@34cd072c]
                     </div>
                     <div>
                        <b>Start time: </b>23:14:39
                     </div>
                     <div>
                        <b>End time: </b>23:14:39
                     </div>
                     <div>
                        <b>Duration: </b>1 ms
                        
                     </div>
                  </div>
               </td>
            </tr>
            <tr></tr>
            <tr id="selenium.Testing1_afterMethod_byStatus_passed_PASS7_row"
                class="testMethodStatusPASS testMethodStatusCONF">
               <td width="100%" class="firstMethodCell">
                  <a onclick="toggleDetailsVisibility('selenium.Testing1_afterMethod_byStatus_passed_PASS7_details')">afterMethod()</a>
               </td>
               <td nowrap="true">23:14:39</td>
               <td nowrap="true" align="right">0 ms
                  
               </td>
               <td nowrap="true">
                   
                  
               </td>
            </tr>
            <tr>
               <td colspan="4" class="detailsBox">
                  <div id="selenium.Testing1_afterMethod_byStatus_passed_PASS7_details"
                       class="testMethodDetails">
                     <div>
                        <b>Name: </b>afterMethod
                     </div>
                     <div>
                        <b>Signature: </b>afterMethod()[pri:0, instance:selenium.Testing1@34cd072c]
                     </div>
                     <div>
                        <b>Start time: </b>23:14:39
                     </div>
                     <div>
                        <b>End time: </b>23:14:39
                     </div>
                     <div>
                        <b>Duration: </b>0 ms
                        
                     </div>
                  </div>
               </td>
            </tr>
            <tr></tr>
            <tr id="selenium.Testing1_Test1_byStatus_passed_PASS8_row"
                class="testMethodStatusPASS">
               <td width="100%" class="firstMethodCell">
                  <a onclick="toggleDetailsVisibility('selenium.Testing1_Test1_byStatus_passed_PASS8_details')">Test1()</a>
               </td>
               <td nowrap="true">23:14:39</td>
               <td nowrap="true" align="right">0 ms
                  
               </td>
               <td nowrap="true">
                   
                  
               </td>
            </tr>
            <tr>
               <td colspan="4" class="detailsBox">
                  <div id="selenium.Testing1_Test1_byStatus_passed_PASS8_details"
                       class="testMethodDetails">
                     <div>
                        <b>Name: </b>Test1
                     </div>
                     <div>
                        <b>Signature: </b>Test1()[pri:0, instance:selenium.Testing1@34cd072c]
                     </div>
                     <div>
                        <b>Start time: </b>23:14:39
                     </div>
                     <div>
                        <b>End time: </b>23:14:39
                     </div>
                     <div>
                        <b>Duration: </b>0 ms
                        
                     </div>
                  </div>
               </td>
            </tr>
            <tr></tr>
            <tr id="selenium.Testing1_afterMethod_byStatus_passed_PASS9_row"
                class="testMethodStatusPASS testMethodStatusCONF">
               <td width="100%" class="firstMethodCell">
                  <a onclick="toggleDetailsVisibility('selenium.Testing1_afterMethod_byStatus_passed_PASS9_details')">afterMethod()</a>
               </td>
               <td nowrap="true">23:14:39</td>
               <td nowrap="true" align="right">0 ms
                  
               </td>
               <td nowrap="true">
                   
                  
               </td>
            </tr>
            <tr>
               <td colspan="4" class="detailsBox">
                  <div id="selenium.Testing1_afterMethod_byStatus_passed_PASS9_details"
                       class="testMethodDetails">
                     <div>
                        <b>Name: </b>afterMethod
                     </div>
                     <div>
                        <b>Signature: </b>afterMethod()[pri:0, instance:selenium.Testing1@34cd072c]
                     </div>
                     <div>
                        <b>Start time: </b>23:14:39
                     </div>
                     <div>
                        <b>End time: </b>23:14:39
                     </div>
                     <div>
                        <b>Duration: </b>0 ms
                        
                     </div>
                  </div>
               </td>
            </tr>
            <tr></tr>
            <tr id="selenium.Testing1_beforeMethod_byStatus_passed_PASS10_row"
                class="testMethodStatusPASS testMethodStatusCONF">
               <td width="100%" class="firstMethodCell">
                  <a onclick="toggleDetailsVisibility('selenium.Testing1_beforeMethod_byStatus_passed_PASS10_details')">beforeMethod()</a>
               </td>
               <td nowrap="true">23:14:39</td>
               <td nowrap="true" align="right">1 ms
                  
               </td>
               <td nowrap="true">
                   
                  
               </td>
            </tr>
            <tr>
               <td colspan="4" class="detailsBox">
                  <div id="selenium.Testing1_beforeMethod_byStatus_passed_PASS10_details"
                       class="testMethodDetails">
                     <div>
                        <b>Name: </b>beforeMethod
                     </div>
                     <div>
                        <b>Signature: </b>beforeMethod()[pri:0, instance:selenium.Testing1@34cd072c]
                     </div>
                     <div>
                        <b>Start time: </b>23:14:39
                     </div>
                     <div>
                        <b>End time: </b>23:14:39
                     </div>
                     <div>
                        <b>Duration: </b>1 ms
                        
                     </div>
                  </div>
               </td>
            </tr>
            <tr></tr>
            <tr id="selenium.Testing1_beforeMethod_byStatus_passed_PASS11_row"
                class="testMethodStatusPASS testMethodStatusCONF">
               <td width="100%" class="firstMethodCell">
                  <a onclick="toggleDetailsVisibility('selenium.Testing1_beforeMethod_byStatus_passed_PASS11_details')">beforeMethod()</a>
               </td>
               <td nowrap="true">23:14:39</td>
               <td nowrap="true" align="right">0 ms
                  
               </td>
               <td nowrap="true">
                   
                  
               </td>
            </tr>
            <tr>
               <td colspan="4" class="detailsBox">
                  <div id="selenium.Testing1_beforeMethod_byStatus_passed_PASS11_details"
                       class="testMethodDetails">
                     <div>
                        <b>Name: </b>beforeMethod
                     </div>
                     <div>
                        <b>Signature: </b>beforeMethod()[pri:0, instance:selenium.Testing1@34cd072c]
                     </div>
                     <div>
                        <b>Start time: </b>23:14:39
                     </div>
                     <div>
                        <b>End time: </b>23:14:39
                     </div>
                     <div>
                        <b>Duration: </b>0 ms
                        
                     </div>
                  </div>
               </td>
            </tr>
            <tr></tr>
            <tr id="selenium.Testing1_Test2_byStatus_passed_PASS12_row"
                class="testMethodStatusPASS">
               <td width="100%" class="firstMethodCell">
                  <a onclick="toggleDetailsVisibility('selenium.Testing1_Test2_byStatus_passed_PASS12_details')">Test2()</a>
               </td>
               <td nowrap="true">23:14:39</td>
               <td nowrap="true" align="right">0 ms
                  
               </td>
               <td nowrap="true">
                   
                  
               </td>
            </tr>
            <tr>
               <td colspan="4" class="detailsBox">
                  <div id="selenium.Testing1_Test2_byStatus_passed_PASS12_details"
                       class="testMethodDetails">
                     <div>
                        <b>Name: </b>Test2
                     </div>
                     <div>
                        <b>Signature: </b>Test2()[pri:0, instance:selenium.Testing1@34cd072c]
                     </div>
                     <div>
                        <b>Start time: </b>23:14:39
                     </div>
                     <div>
                        <b>End time: </b>23:14:39
                     </div>
                     <div>
                        <b>Duration: </b>0 ms
                        
                     </div>
                  </div>
               </td>
            </tr>
            <tr></tr>
            <tr id="selenium.Testing1_afterMethod_byStatus_passed_PASS13_row"
                class="testMethodStatusPASS testMethodStatusCONF">
               <td width="100%" class="firstMethodCell">
                  <a onclick="toggleDetailsVisibility('selenium.Testing1_afterMethod_byStatus_passed_PASS13_details')">afterMethod()</a>
               </td>
               <td nowrap="true">23:14:39</td>
               <td nowrap="true" align="right">0 ms
                  
               </td>
               <td nowrap="true">
                   
                  
               </td>
            </tr>
            <tr>
               <td colspan="4" class="detailsBox">
                  <div id="selenium.Testing1_afterMethod_byStatus_passed_PASS13_details"
                       class="testMethodDetails">
                     <div>
                        <b>Name: </b>afterMethod
                     </div>
                     <div>
                        <b>Signature: </b>afterMethod()[pri:0, instance:selenium.Testing1@34cd072c]
                     </div>
                     <div>
                        <b>Start time: </b>23:14:39
                     </div>
                     <div>
                        <b>End time: </b>23:14:39
                     </div>
                     <div>
                        <b>Duration: </b>0 ms
                        
                     </div>
                  </div>
               </td>
            </tr>
            <tr></tr>
            <tr id="selenium.Testing1_afterClass_byStatus_passed_PASS14_row"
                class="testMethodStatusPASS testMethodStatusCONF">
               <td width="100%" class="firstMethodCell">
                  <a onclick="toggleDetailsVisibility('selenium.Testing1_afterClass_byStatus_passed_PASS14_details')">afterClass()</a>
               </td>
               <td nowrap="true">23:14:39</td>
               <td nowrap="true" align="right">0 ms
                  
               </td>
               <td nowrap="true">
                   
                  
               </td>
            </tr>
            <tr>
               <td colspan="4" class="detailsBox">
                  <div id="selenium.Testing1_afterClass_byStatus_passed_PASS14_details"
                       class="testMethodDetails">
                     <div>
                        <b>Name: </b>afterClass
                     </div>
                     <div>
                        <b>Signature: </b>afterClass()[pri:0, instance:selenium.Testing1@34cd072c]
                     </div>
                     <div>
                        <b>Start time: </b>23:14:39
                     </div>
                     <div>
                        <b>End time: </b>23:14:39
                     </div>
                     <div>
                        <b>Duration: </b>0 ms
                        
                     </div>
                  </div>
               </td>
            </tr>
            <tr></tr>
            <tr id="selenium.Testing1_Test3_byStatus_passed_PASS15_row"
                class="testMethodStatusPASS">
               <td width="100%" class="firstMethodCell">
                  <a onclick="toggleDetailsVisibility('selenium.Testing1_Test3_byStatus_passed_PASS15_details')">Test3()</a>
               </td>
               <td nowrap="true">23:14:39</td>
               <td nowrap="true" align="right">0 ms
                  
               </td>
               <td nowrap="true">
                   
                  
               </td>
            </tr>
            <tr>
               <td colspan="4" class="detailsBox">
                  <div id="selenium.Testing1_Test3_byStatus_passed_PASS15_details"
                       class="testMethodDetails">
                     <div>
                        <b>Name: </b>Test3
                     </div>
                     <div>
                        <b>Signature: </b>Test3()[pri:0, instance:selenium.Testing1@34cd072c]
                     </div>
                     <div>
                        <b>Start time: </b>23:14:39
                     </div>
                     <div>
                        <b>End time: </b>23:14:39
                     </div>
                     <div>
                        <b>Duration: </b>0 ms
                        
                     </div>
                  </div>
               </td>
            </tr>
            <tr></tr>
            <tr id="selenium.Testing1_afterTest_byStatus_passed_PASS16_row"
                class="testMethodStatusPASS testMethodStatusCONF">
               <td width="100%" class="firstMethodCell">
                  <a onclick="toggleDetailsVisibility('selenium.Testing1_afterTest_byStatus_passed_PASS16_details')">afterTest()</a>
               </td>
               <td nowrap="true">23:14:39</td>
               <td nowrap="true" align="right">0 ms
                  
               </td>
               <td nowrap="true">
                   
                  
               </td>
            </tr>
            <tr>
               <td colspan="4" class="detailsBox">
                  <div id="selenium.Testing1_afterTest_byStatus_passed_PASS16_details"
                       class="testMethodDetails">
                     <div>
                        <b>Name: </b>afterTest
                     </div>
                     <div>
                        <b>Signature: </b>afterTest()[pri:0, instance:selenium.Testing1@34cd072c]
                     </div>
                     <div>
                        <b>Start time: </b>23:14:39
                     </div>
                     <div>
                        <b>End time: </b>23:14:39
                     </div>
                     <div>
                        <b>Duration: </b>0 ms
                        
                     </div>
                  </div>
               </td>
            </tr>
            <tr></tr>
            <tr id="selenium.Testing1_afterSuite_byStatus_passed_PASS17_row"
                class="testMethodStatusPASS testMethodStatusCONF">
               <td width="100%" class="firstMethodCell">
                  <a onclick="toggleDetailsVisibility('selenium.Testing1_afterSuite_byStatus_passed_PASS17_details')">afterSuite()</a>
               </td>
               <td nowrap="true">23:14:39</td>
               <td nowrap="true" align="right">0 ms
                  
               </td>
               <td nowrap="true">
                   
                  
               </td>
            </tr>
            <tr>
               <td colspan="4" class="detailsBox">
                  <div id="selenium.Testing1_afterSuite_byStatus_passed_PASS17_details"
                       class="testMethodDetails">
                     <div>
                        <b>Name: </b>afterSuite
                     </div>
                     <div>
                        <b>Signature: </b>afterSuite()[pri:0, instance:selenium.Testing1@34cd072c]
                     </div>
                     <div>
                        <b>Start time: </b>23:14:39
                     </div>
                     <div>
                        <b>End time: </b>23:14:39
                     </div>
                     <div>
                        <b>Duration: </b>0 ms
                        
                     </div>
                  </div>
               </td>
            </tr>
            <tr></tr>
            <tr id="selenium.Testing3_deleteuser_byStatus_skiped_SKIP1_row"
                class="testMethodStatusSKIP">
               <td width="100%" class="firstMethodCell">
                  <a onclick="toggleDetailsVisibility('selenium.Testing3_deleteuser_byStatus_skiped_SKIP1_details')">deleteuser()</a>
               </td>
               <td nowrap="true">23:14:39</td>
               <td nowrap="true" align="right">0 ms
                  
               </td>
               <td nowrap="true">
                  <a onclick="toggleDetailsVisibility('selenium.Testing3_deleteuser_byStatus_skiped_SKIP1_exception')">java.lang.Throwable: 
                     Method Testing3.deleteuser()[pri:3, instance:selenium.Testing3@5faeada1] depends on not successfully finished methods
                     
                  </a>
                   
                  
               </td>
            </tr>
            <tr>
               <td colspan="4" class="detailsBox">
                  <div id="selenium.Testing3_deleteuser_byStatus_skiped_SKIP1_details"
                       class="testMethodDetails">
                     <div>
                        <b>Name: </b>deleteuser
                     </div>
                     <div>
                        <b>Signature: </b>deleteuser()[pri:3, instance:selenium.Testing3@5faeada1]
                     </div>
                     <div>
                        <b>Start time: </b>23:14:39
                     </div>
                     <div>
                        <b>End time: </b>23:14:39
                     </div>
                     <div>
                        <b>Duration: </b>0 ms
                        
                     </div>
                     <div>
                        <b>Depends on methods:
                           
                        </b>
                        <div>
                               -
                           selenium.Testing3.edituser
                        </div>
                     </div>
                  </div>
               </td>
            </tr>
            <tr>
               <td colspan="4" class="detailsBox">
                  <div id="selenium.Testing3_deleteuser_byStatus_skiped_SKIP1_exception"
                       class="testMethodDetails">
                     <pre style="padding: 5px; margin: 0;">java.lang.Throwable: Method Testing3.deleteuser()[pri:3, instance:selenium.Testing3@5faeada1] depends on not successfully
                        finished methods
                        at org.testng.internal.Invoker.invokeTestMethods(Invoker.java:887)
                        at org.testng.internal.TestMethodWorker.invokeTestMethods(TestMethodWorker.java:125)
                        at org.testng.internal.TestMethodWorker.run(TestMethodWorker.java:109)
                        at org.testng.TestRunner.privateRun(TestRunner.java:648)
                        at org.testng.TestRunner.run(TestRunner.java:505)
                        at org.testng.SuiteRunner.runTest(SuiteRunner.java:455)
                        at org.testng.SuiteRunner.runSequentially(SuiteRunner.java:450)
                        at org.testng.SuiteRunner.privateRun(SuiteRunner.java:415)
                        at org.testng.SuiteRunner.run(SuiteRunner.java:364)
                        at org.testng.SuiteRunnerWorker.runSuite(SuiteRunnerWorker.java:52)
                        at org.testng.SuiteRunnerWorker.run(SuiteRunnerWorker.java:84)
                        at org.testng.TestNG.runSuitesSequentially(TestNG.java:1208)
                        at org.testng.TestNG.runSuitesLocally(TestNG.java:1137)
                        at org.testng.TestNG.runSuites(TestNG.java:1049)
                        at org.testng.TestNG.run(TestNG.java:1017)
                        at org.testng.TestNG.privateMain(TestNG.java:1354)
                        at org.testng.TestNG.main(TestNG.java:1323)
                     </pre>
                  </div>
               </td>
            </tr>
            <tr id="selenium.Testing3_edituser_byStatus_skiped_SKIP2_row"
                class="testMethodStatusSKIP">
               <td width="100%" class="firstMethodCell">
                  <a onclick="toggleDetailsVisibility('selenium.Testing3_edituser_byStatus_skiped_SKIP2_details')">edituser()</a>
               </td>
               <td nowrap="true">23:14:39</td>
               <td nowrap="true" align="right">0 ms
                  
               </td>
               <td nowrap="true">
                  <a onclick="toggleDetailsVisibility('selenium.Testing3_edituser_byStatus_skiped_SKIP2_exception')">java.lang.Throwable: 
                     Method Testing3.edituser()[pri:2, instance:selenium.Testing3@5faeada1] depends on not successfully finished methods
                     
                  </a>
                   
                  
               </td>
            </tr>
            <tr>
               <td colspan="4" class="detailsBox">
                  <div id="selenium.Testing3_edituser_byStatus_skiped_SKIP2_details"
                       class="testMethodDetails">
                     <div>
                        <b>Name: </b>edituser
                     </div>
                     <div>
                        <b>Signature: </b>edituser()[pri:2, instance:selenium.Testing3@5faeada1]
                     </div>
                     <div>
                        <b>Start time: </b>23:14:39
                     </div>
                     <div>
                        <b>End time: </b>23:14:39
                     </div>
                     <div>
                        <b>Duration: </b>0 ms
                        
                     </div>
                     <div>
                        <b>Depends on methods:
                           
                        </b>
                        <div>
                               -
                           selenium.Testing3.createuser
                        </div>
                     </div>
                  </div>
               </td>
            </tr>
            <tr>
               <td colspan="4" class="detailsBox">
                  <div id="selenium.Testing3_edituser_byStatus_skiped_SKIP2_exception"
                       class="testMethodDetails">
                     <pre style="padding: 5px; margin: 0;">java.lang.Throwable: Method Testing3.edituser()[pri:2, instance:selenium.Testing3@5faeada1] depends on not successfully finished
                        methods
                        at org.testng.internal.Invoker.invokeTestMethods(Invoker.java:887)
                        at org.testng.internal.TestMethodWorker.invokeTestMethods(TestMethodWorker.java:125)
                        at org.testng.internal.TestMethodWorker.run(TestMethodWorker.java:109)
                        at org.testng.TestRunner.privateRun(TestRunner.java:648)
                        at org.testng.TestRunner.run(TestRunner.java:505)
                        at org.testng.SuiteRunner.runTest(SuiteRunner.java:455)
                        at org.testng.SuiteRunner.runSequentially(SuiteRunner.java:450)
                        at org.testng.SuiteRunner.privateRun(SuiteRunner.java:415)
                        at org.testng.SuiteRunner.run(SuiteRunner.java:364)
                        at org.testng.SuiteRunnerWorker.runSuite(SuiteRunnerWorker.java:52)
                        at org.testng.SuiteRunnerWorker.run(SuiteRunnerWorker.java:84)
                        at org.testng.TestNG.runSuitesSequentially(TestNG.java:1208)
                        at org.testng.TestNG.runSuitesLocally(TestNG.java:1137)
                        at org.testng.TestNG.runSuites(TestNG.java:1049)
                        at org.testng.TestNG.run(TestNG.java:1017)
                        at org.testng.TestNG.privateMain(TestNG.java:1354)
                        at org.testng.TestNG.main(TestNG.java:1323)
                     </pre>
                  </div>
               </td>
            </tr>
         </table>
      </div>
      <div id="testMethodsByClass" style="display: none;">
         <table class="testMethodsTable" cellpadding="0" cellspacing="0">
            <tr>
               <td colspan="4">
                  <h3 style="display: inline;">selenium.Testing1</h3>
               </td>
            </tr>
            <tr class="methodsTableHeader">
               <td width="100%">Name</td>
               <td nowrap="true">Started</td>
               <td nowrap="true">Duration</td>
               <td>Exception</td>
            </tr>
            <tr id="selenium.Testing1_beforeSuite_byClass_PASS1_row"
                class="testMethodStatusPASS testMethodStatusCONF">
               <td width="100%" class="firstMethodCell">
                  <a onclick="toggleDetailsVisibility('selenium.Testing1_beforeSuite_byClass_PASS1_details')">beforeSuite()</a>
               </td>
               <td nowrap="true">23:14:39</td>
               <td nowrap="true" align="right">16 ms
                  
               </td>
               <td nowrap="true">
                   
                  
               </td>
            </tr>
            <tr>
               <td colspan="4" class="detailsBox">
                  <div id="selenium.Testing1_beforeSuite_byClass_PASS1_details"
                       class="testMethodDetails">
                     <div>
                        <b>Name: </b>beforeSuite
                     </div>
                     <div>
                        <b>Signature: </b>beforeSuite()[pri:0, instance:selenium.Testing1@34cd072c]
                     </div>
                     <div>
                        <b>Start time: </b>23:14:39
                     </div>
                     <div>
                        <b>End time: </b>23:14:39
                     </div>
                     <div>
                        <b>Duration: </b>16 ms
                        
                     </div>
                  </div>
               </td>
            </tr>
            <tr></tr>
            <tr id="selenium.Testing1_beforeTest_byClass_PASS2_row"
                class="testMethodStatusPASS testMethodStatusCONF">
               <td width="100%" class="firstMethodCell">
                  <a onclick="toggleDetailsVisibility('selenium.Testing1_beforeTest_byClass_PASS2_details')">beforeTest()</a>
               </td>
               <td nowrap="true">23:14:39</td>
               <td nowrap="true" align="right">0 ms
                  
               </td>
               <td nowrap="true">
                   
                  
               </td>
            </tr>
            <tr>
               <td colspan="4" class="detailsBox">
                  <div id="selenium.Testing1_beforeTest_byClass_PASS2_details"
                       class="testMethodDetails">
                     <div>
                        <b>Name: </b>beforeTest
                     </div>
                     <div>
                        <b>Signature: </b>beforeTest()[pri:0, instance:selenium.Testing1@34cd072c]
                     </div>
                     <div>
                        <b>Start time: </b>23:14:39
                     </div>
                     <div>
                        <b>End time: </b>23:14:39
                     </div>
                     <div>
                        <b>Duration: </b>0 ms
                        
                     </div>
                  </div>
               </td>
            </tr>
            <tr></tr>
            <tr id="selenium.Testing1_beforeClass_byClass_PASS3_row"
                class="testMethodStatusPASS testMethodStatusCONF">
               <td width="100%" class="firstMethodCell">
                  <a onclick="toggleDetailsVisibility('selenium.Testing1_beforeClass_byClass_PASS3_details')">beforeClass()</a>
               </td>
               <td nowrap="true">23:14:39</td>
               <td nowrap="true" align="right">0 ms
                  
               </td>
               <td nowrap="true">
                   
                  
               </td>
            </tr>
            <tr>
               <td colspan="4" class="detailsBox">
                  <div id="selenium.Testing1_beforeClass_byClass_PASS3_details"
                       class="testMethodDetails">
                     <div>
                        <b>Name: </b>beforeClass
                     </div>
                     <div>
                        <b>Signature: </b>beforeClass()[pri:0, instance:selenium.Testing1@34cd072c]
                     </div>
                     <div>
                        <b>Start time: </b>23:14:39
                     </div>
                     <div>
                        <b>End time: </b>23:14:39
                     </div>
                     <div>
                        <b>Duration: </b>0 ms
                        
                     </div>
                  </div>
               </td>
            </tr>
            <tr></tr>
            <tr id="selenium.Testing1_beforeMethod_byClass_PASS4_row"
                class="testMethodStatusPASS testMethodStatusCONF">
               <td width="100%" class="firstMethodCell">
                  <a onclick="toggleDetailsVisibility('selenium.Testing1_beforeMethod_byClass_PASS4_details')">beforeMethod()</a>
               </td>
               <td nowrap="true">23:14:39</td>
               <td nowrap="true" align="right">1 ms
                  
               </td>
               <td nowrap="true">
                   
                  
               </td>
            </tr>
            <tr>
               <td colspan="4" class="detailsBox">
                  <div id="selenium.Testing1_beforeMethod_byClass_PASS4_details"
                       class="testMethodDetails">
                     <div>
                        <b>Name: </b>beforeMethod
                     </div>
                     <div>
                        <b>Signature: </b>beforeMethod()[pri:0, instance:selenium.Testing1@34cd072c]
                     </div>
                     <div>
                        <b>Start time: </b>23:14:39
                     </div>
                     <div>
                        <b>End time: </b>23:14:39
                     </div>
                     <div>
                        <b>Duration: </b>1 ms
                        
                     </div>
                  </div>
               </td>
            </tr>
            <tr></tr>
            <tr id="selenium.Testing1_afterMethod_byClass_PASS5_row"
                class="testMethodStatusPASS testMethodStatusCONF">
               <td width="100%" class="firstMethodCell">
                  <a onclick="toggleDetailsVisibility('selenium.Testing1_afterMethod_byClass_PASS5_details')">afterMethod()</a>
               </td>
               <td nowrap="true">23:14:39</td>
               <td nowrap="true" align="right">0 ms
                  
               </td>
               <td nowrap="true">
                   
                  
               </td>
            </tr>
            <tr>
               <td colspan="4" class="detailsBox">
                  <div id="selenium.Testing1_afterMethod_byClass_PASS5_details"
                       class="testMethodDetails">
                     <div>
                        <b>Name: </b>afterMethod
                     </div>
                     <div>
                        <b>Signature: </b>afterMethod()[pri:0, instance:selenium.Testing1@34cd072c]
                     </div>
                     <div>
                        <b>Start time: </b>23:14:39
                     </div>
                     <div>
                        <b>End time: </b>23:14:39
                     </div>
                     <div>
                        <b>Duration: </b>0 ms
                        
                     </div>
                  </div>
               </td>
            </tr>
            <tr></tr>
            <tr id="selenium.Testing1_Test1_byClass_PASS6_row" class="testMethodStatusPASS">
               <td width="100%" class="firstMethodCell">
                  <a onclick="toggleDetailsVisibility('selenium.Testing1_Test1_byClass_PASS6_details')">Test1()</a>
               </td>
               <td nowrap="true">23:14:39</td>
               <td nowrap="true" align="right">0 ms
                  
               </td>
               <td nowrap="true">
                   
                  
               </td>
            </tr>
            <tr>
               <td colspan="4" class="detailsBox">
                  <div id="selenium.Testing1_Test1_byClass_PASS6_details" class="testMethodDetails">
                     <div>
                        <b>Name: </b>Test1
                     </div>
                     <div>
                        <b>Signature: </b>Test1()[pri:0, instance:selenium.Testing1@34cd072c]
                     </div>
                     <div>
                        <b>Start time: </b>23:14:39
                     </div>
                     <div>
                        <b>End time: </b>23:14:39
                     </div>
                     <div>
                        <b>Duration: </b>0 ms
                        
                     </div>
                  </div>
               </td>
            </tr>
            <tr></tr>
            <tr id="selenium.Testing1_afterMethod_byClass_PASS7_row"
                class="testMethodStatusPASS testMethodStatusCONF">
               <td width="100%" class="firstMethodCell">
                  <a onclick="toggleDetailsVisibility('selenium.Testing1_afterMethod_byClass_PASS7_details')">afterMethod()</a>
               </td>
               <td nowrap="true">23:14:39</td>
               <td nowrap="true" align="right">0 ms
                  
               </td>
               <td nowrap="true">
                   
                  
               </td>
            </tr>
            <tr>
               <td colspan="4" class="detailsBox">
                  <div id="selenium.Testing1_afterMethod_byClass_PASS7_details"
                       class="testMethodDetails">
                     <div>
                        <b>Name: </b>afterMethod
                     </div>
                     <div>
                        <b>Signature: </b>afterMethod()[pri:0, instance:selenium.Testing1@34cd072c]
                     </div>
                     <div>
                        <b>Start time: </b>23:14:39
                     </div>
                     <div>
                        <b>End time: </b>23:14:39
                     </div>
                     <div>
                        <b>Duration: </b>0 ms
                        
                     </div>
                  </div>
               </td>
            </tr>
            <tr></tr>
            <tr id="selenium.Testing1_beforeMethod_byClass_PASS8_row"
                class="testMethodStatusPASS testMethodStatusCONF">
               <td width="100%" class="firstMethodCell">
                  <a onclick="toggleDetailsVisibility('selenium.Testing1_beforeMethod_byClass_PASS8_details')">beforeMethod()</a>
               </td>
               <td nowrap="true">23:14:39</td>
               <td nowrap="true" align="right">1 ms
                  
               </td>
               <td nowrap="true">
                   
                  
               </td>
            </tr>
            <tr>
               <td colspan="4" class="detailsBox">
                  <div id="selenium.Testing1_beforeMethod_byClass_PASS8_details"
                       class="testMethodDetails">
                     <div>
                        <b>Name: </b>beforeMethod
                     </div>
                     <div>
                        <b>Signature: </b>beforeMethod()[pri:0, instance:selenium.Testing1@34cd072c]
                     </div>
                     <div>
                        <b>Start time: </b>23:14:39
                     </div>
                     <div>
                        <b>End time: </b>23:14:39
                     </div>
                     <div>
                        <b>Duration: </b>1 ms
                        
                     </div>
                  </div>
               </td>
            </tr>
            <tr></tr>
            <tr id="selenium.Testing1_beforeMethod_byClass_PASS9_row"
                class="testMethodStatusPASS testMethodStatusCONF">
               <td width="100%" class="firstMethodCell">
                  <a onclick="toggleDetailsVisibility('selenium.Testing1_beforeMethod_byClass_PASS9_details')">beforeMethod()</a>
               </td>
               <td nowrap="true">23:14:39</td>
               <td nowrap="true" align="right">0 ms
                  
               </td>
               <td nowrap="true">
                   
                  
               </td>
            </tr>
            <tr>
               <td colspan="4" class="detailsBox">
                  <div id="selenium.Testing1_beforeMethod_byClass_PASS9_details"
                       class="testMethodDetails">
                     <div>
                        <b>Name: </b>beforeMethod
                     </div>
                     <div>
                        <b>Signature: </b>beforeMethod()[pri:0, instance:selenium.Testing1@34cd072c]
                     </div>
                     <div>
                        <b>Start time: </b>23:14:39
                     </div>
                     <div>
                        <b>End time: </b>23:14:39
                     </div>
                     <div>
                        <b>Duration: </b>0 ms
                        
                     </div>
                  </div>
               </td>
            </tr>
            <tr></tr>
            <tr id="selenium.Testing1_Test2_byClass_PASS10_row" class="testMethodStatusPASS">
               <td width="100%" class="firstMethodCell">
                  <a onclick="toggleDetailsVisibility('selenium.Testing1_Test2_byClass_PASS10_details')">Test2()</a>
               </td>
               <td nowrap="true">23:14:39</td>
               <td nowrap="true" align="right">0 ms
                  
               </td>
               <td nowrap="true">
                   
                  
               </td>
            </tr>
            <tr>
               <td colspan="4" class="detailsBox">
                  <div id="selenium.Testing1_Test2_byClass_PASS10_details" class="testMethodDetails">
                     <div>
                        <b>Name: </b>Test2
                     </div>
                     <div>
                        <b>Signature: </b>Test2()[pri:0, instance:selenium.Testing1@34cd072c]
                     </div>
                     <div>
                        <b>Start time: </b>23:14:39
                     </div>
                     <div>
                        <b>End time: </b>23:14:39
                     </div>
                     <div>
                        <b>Duration: </b>0 ms
                        
                     </div>
                  </div>
               </td>
            </tr>
            <tr></tr>
            <tr id="selenium.Testing1_afterMethod_byClass_PASS11_row"
                class="testMethodStatusPASS testMethodStatusCONF">
               <td width="100%" class="firstMethodCell">
                  <a onclick="toggleDetailsVisibility('selenium.Testing1_afterMethod_byClass_PASS11_details')">afterMethod()</a>
               </td>
               <td nowrap="true">23:14:39</td>
               <td nowrap="true" align="right">0 ms
                  
               </td>
               <td nowrap="true">
                   
                  
               </td>
            </tr>
            <tr>
               <td colspan="4" class="detailsBox">
                  <div id="selenium.Testing1_afterMethod_byClass_PASS11_details"
                       class="testMethodDetails">
                     <div>
                        <b>Name: </b>afterMethod
                     </div>
                     <div>
                        <b>Signature: </b>afterMethod()[pri:0, instance:selenium.Testing1@34cd072c]
                     </div>
                     <div>
                        <b>Start time: </b>23:14:39
                     </div>
                     <div>
                        <b>End time: </b>23:14:39
                     </div>
                     <div>
                        <b>Duration: </b>0 ms
                        
                     </div>
                  </div>
               </td>
            </tr>
            <tr></tr>
            <tr id="selenium.Testing1_afterClass_byClass_PASS12_row"
                class="testMethodStatusPASS testMethodStatusCONF">
               <td width="100%" class="firstMethodCell">
                  <a onclick="toggleDetailsVisibility('selenium.Testing1_afterClass_byClass_PASS12_details')">afterClass()</a>
               </td>
               <td nowrap="true">23:14:39</td>
               <td nowrap="true" align="right">0 ms
                  
               </td>
               <td nowrap="true">
                   
                  
               </td>
            </tr>
            <tr>
               <td colspan="4" class="detailsBox">
                  <div id="selenium.Testing1_afterClass_byClass_PASS12_details"
                       class="testMethodDetails">
                     <div>
                        <b>Name: </b>afterClass
                     </div>
                     <div>
                        <b>Signature: </b>afterClass()[pri:0, instance:selenium.Testing1@34cd072c]
                     </div>
                     <div>
                        <b>Start time: </b>23:14:39
                     </div>
                     <div>
                        <b>End time: </b>23:14:39
                     </div>
                     <div>
                        <b>Duration: </b>0 ms
                        
                     </div>
                  </div>
               </td>
            </tr>
            <tr></tr>
            <tr id="selenium.Testing1_Test3_byClass_PASS13_row" class="testMethodStatusPASS">
               <td width="100%" class="firstMethodCell">
                  <a onclick="toggleDetailsVisibility('selenium.Testing1_Test3_byClass_PASS13_details')">Test3()</a>
               </td>
               <td nowrap="true">23:14:39</td>
               <td nowrap="true" align="right">0 ms
                  
               </td>
               <td nowrap="true">
                   
                  
               </td>
            </tr>
            <tr>
               <td colspan="4" class="detailsBox">
                  <div id="selenium.Testing1_Test3_byClass_PASS13_details" class="testMethodDetails">
                     <div>
                        <b>Name: </b>Test3
                     </div>
                     <div>
                        <b>Signature: </b>Test3()[pri:0, instance:selenium.Testing1@34cd072c]
                     </div>
                     <div>
                        <b>Start time: </b>23:14:39
                     </div>
                     <div>
                        <b>End time: </b>23:14:39
                     </div>
                     <div>
                        <b>Duration: </b>0 ms
                        
                     </div>
                  </div>
               </td>
            </tr>
            <tr></tr>
            <tr id="selenium.Testing1_afterTest_byClass_PASS14_row"
                class="testMethodStatusPASS testMethodStatusCONF">
               <td width="100%" class="firstMethodCell">
                  <a onclick="toggleDetailsVisibility('selenium.Testing1_afterTest_byClass_PASS14_details')">afterTest()</a>
               </td>
               <td nowrap="true">23:14:39</td>
               <td nowrap="true" align="right">0 ms
                  
               </td>
               <td nowrap="true">
                   
                  
               </td>
            </tr>
            <tr>
               <td colspan="4" class="detailsBox">
                  <div id="selenium.Testing1_afterTest_byClass_PASS14_details"
                       class="testMethodDetails">
                     <div>
                        <b>Name: </b>afterTest
                     </div>
                     <div>
                        <b>Signature: </b>afterTest()[pri:0, instance:selenium.Testing1@34cd072c]
                     </div>
                     <div>
                        <b>Start time: </b>23:14:39
                     </div>
                     <div>
                        <b>End time: </b>23:14:39
                     </div>
                     <div>
                        <b>Duration: </b>0 ms
                        
                     </div>
                  </div>
               </td>
            </tr>
            <tr></tr>
            <tr id="selenium.Testing1_afterSuite_byClass_PASS15_row"
                class="testMethodStatusPASS testMethodStatusCONF">
               <td width="100%" class="firstMethodCell">
                  <a onclick="toggleDetailsVisibility('selenium.Testing1_afterSuite_byClass_PASS15_details')">afterSuite()</a>
               </td>
               <td nowrap="true">23:14:39</td>
               <td nowrap="true" align="right">0 ms
                  
               </td>
               <td nowrap="true">
                   
                  
               </td>
            </tr>
            <tr>
               <td colspan="4" class="detailsBox">
                  <div id="selenium.Testing1_afterSuite_byClass_PASS15_details"
                       class="testMethodDetails">
                     <div>
                        <b>Name: </b>afterSuite
                     </div>
                     <div>
                        <b>Signature: </b>afterSuite()[pri:0, instance:selenium.Testing1@34cd072c]
                     </div>
                     <div>
                        <b>Start time: </b>23:14:39
                     </div>
                     <div>
                        <b>End time: </b>23:14:39
                     </div>
                     <div>
                        <b>Duration: </b>0 ms
                        
                     </div>
                  </div>
               </td>
            </tr>
            <tr></tr>
         </table>
         <br></br>
         <table class="testMethodsTable" cellpadding="0" cellspacing="0">
            <tr>
               <td colspan="4">
                  <h3 style="display: inline;">selenium.Testing2</h3>
               </td>
            </tr>
            <tr class="methodsTableHeader">
               <td width="100%">Name</td>
               <td nowrap="true">Started</td>
               <td nowrap="true">Duration</td>
               <td>Exception</td>
            </tr>
            <tr id="selenium.Testing2_Test5_byClass_PASS1_row" class="testMethodStatusPASS">
               <td width="100%" class="firstMethodCell">
                  <a onclick="toggleDetailsVisibility('selenium.Testing2_Test5_byClass_PASS1_details')">Test5()</a>
               </td>
               <td nowrap="true">23:14:39</td>
               <td nowrap="true" align="right">0 ms
                  
               </td>
               <td nowrap="true">
                   
                  
               </td>
            </tr>
            <tr>
               <td colspan="4" class="detailsBox">
                  <div id="selenium.Testing2_Test5_byClass_PASS1_details" class="testMethodDetails">
                     <div>
                        <b>Name: </b>Test5
                     </div>
                     <div>
                        <b>Signature: </b>Test5()[pri:0, instance:selenium.Testing2@7a1ebcd8]
                     </div>
                     <div>
                        <b>Start time: </b>23:14:39
                     </div>
                     <div>
                        <b>End time: </b>23:14:39
                     </div>
                     <div>
                        <b>Duration: </b>0 ms
                        
                     </div>
                  </div>
               </td>
            </tr>
            <tr></tr>
            <tr id="selenium.Testing2_Test4_byClass_PASS2_row" class="testMethodStatusPASS">
               <td width="100%" class="firstMethodCell">
                  <a onclick="toggleDetailsVisibility('selenium.Testing2_Test4_byClass_PASS2_details')">Test4()</a>
               </td>
               <td nowrap="true">23:14:39</td>
               <td nowrap="true" align="right">0 ms
                  
               </td>
               <td nowrap="true">
                   
                  
               </td>
            </tr>
            <tr>
               <td colspan="4" class="detailsBox">
                  <div id="selenium.Testing2_Test4_byClass_PASS2_details" class="testMethodDetails">
                     <div>
                        <b>Name: </b>Test4
                     </div>
                     <div>
                        <b>Signature: </b>Test4()[pri:0, instance:selenium.Testing2@7a1ebcd8]
                     </div>
                     <div>
                        <b>Start time: </b>23:14:39
                     </div>
                     <div>
                        <b>End time: </b>23:14:39
                     </div>
                     <div>
                        <b>Duration: </b>0 ms
                        
                     </div>
                  </div>
               </td>
            </tr>
            <tr></tr>
         </table>
         <br></br>
         <table class="testMethodsTable" cellpadding="0" cellspacing="0">
            <tr>
               <td colspan="4">
                  <h3 style="display: inline;">selenium.Testing3</h3>
               </td>
            </tr>
            <tr class="methodsTableHeader">
               <td width="100%">Name</td>
               <td nowrap="true">Started</td>
               <td nowrap="true">Duration</td>
               <td>Exception</td>
            </tr>
            <tr id="selenium.Testing3_createuser_byClass_FAIL1_row"
                class="testMethodStatusFAIL">
               <td width="100%" class="firstMethodCell">
                  <a onclick="toggleDetailsVisibility('selenium.Testing3_createuser_byClass_FAIL1_details')">createuser()</a>
               </td>
               <td nowrap="true">23:14:39</td>
               <td nowrap="true" align="right">1 ms
                  
               </td>
               <td nowrap="true">
                  <a onclick="toggleDetailsVisibility('selenium.Testing3_createuser_byClass_FAIL1_exception')">java.lang.AssertionError: 
                     Invalid Value expected [true] but found [false]
                     
                  </a>
                   
                  
               </td>
            </tr>
            <tr>
               <td colspan="4" class="detailsBox">
                  <div id="selenium.Testing3_createuser_byClass_FAIL1_details"
                       class="testMethodDetails">
                     <div>
                        <b>Name: </b>createuser
                     </div>
                     <div>
                        <b>Signature: </b>createuser()[pri:1, instance:selenium.Testing3@5faeada1]
                     </div>
                     <div>
                        <b>Start time: </b>23:14:39
                     </div>
                     <div>
                        <b>End time: </b>23:14:39
                     </div>
                     <div>
                        <b>Duration: </b>1 ms
                        
                     </div>
                  </div>
               </td>
            </tr>
            <tr>
               <td colspan="4" class="detailsBox">
                  <div id="selenium.Testing3_createuser_byClass_FAIL1_exception"
                       class="testMethodDetails">
                     <pre style="padding: 5px; margin: 0;">java.lang.AssertionError: Invalid Value expected [true] but found [false]
                        at org.testng.Assert.fail(Assert.java:96)
                        at org.testng.Assert.failNotEquals(Assert.java:776)
                        at org.testng.Assert.assertTrue(Assert.java:44)
                        at selenium.Testing3.createuser(Testing3.java:13)
                        at java.base/jdk.internal.reflect.NativeMethodAccessorImpl.invoke0(Native Method)
                        at java.base/jdk.internal.reflect.NativeMethodAccessorImpl.invoke(NativeMethodAccessorImpl.java:62)
                        at java.base/jdk.internal.reflect.DelegatingMethodAccessorImpl.invoke(DelegatingMethodAccessorImpl.java:43)
                        at java.base/java.lang.reflect.Method.invoke(Method.java:564)
                        at org.testng.internal.MethodInvocationHelper.invokeMethod(MethodInvocationHelper.java:124)
                        at org.testng.internal.Invoker.invokeMethod(Invoker.java:580)
                        at org.testng.internal.Invoker.invokeTestMethod(Invoker.java:716)
                        at org.testng.internal.Invoker.invokeTestMethods(Invoker.java:988)
                        at org.testng.internal.TestMethodWorker.invokeTestMethods(TestMethodWorker.java:125)
                        at org.testng.internal.TestMethodWorker.run(TestMethodWorker.java:109)
                        at org.testng.TestRunner.privateRun(TestRunner.java:648)
                        at org.testng.TestRunner.run(TestRunner.java:505)
                        at org.testng.SuiteRunner.runTest(SuiteRunner.java:455)
                        at org.testng.SuiteRunner.runSequentially(SuiteRunner.java:450)
                        at org.testng.SuiteRunner.privateRun(SuiteRunner.java:415)
                        at org.testng.SuiteRunner.run(SuiteRunner.java:364)
                        at org.testng.SuiteRunnerWorker.runSuite(SuiteRunnerWorker.java:52)
                        at org.testng.SuiteRunnerWorker.run(SuiteRunnerWorker.java:84)
                        at org.testng.TestNG.runSuitesSequentially(TestNG.java:1208)
                        at org.testng.TestNG.runSuitesLocally(TestNG.java:1137)
                        at org.testng.TestNG.runSuites(TestNG.java:1049)
                        at org.testng.TestNG.run(TestNG.java:1017)
                        at org.testng.TestNG.privateMain(TestNG.java:1354)
                        at org.testng.TestNG.main(TestNG.java:1323)
                     </pre>
                  </div>
               </td>
            </tr>
            <tr id="selenium.Testing3_deleteuser_byClass_SKIP2_row"
                class="testMethodStatusSKIP">
               <td width="100%" class="firstMethodCell">
                  <a onclick="toggleDetailsVisibility('selenium.Testing3_deleteuser_byClass_SKIP2_details')">deleteuser()</a>
               </td>
               <td nowrap="true">23:14:39</td>
               <td nowrap="true" align="right">0 ms
                  
               </td>
               <td nowrap="true">
                  <a onclick="toggleDetailsVisibility('selenium.Testing3_deleteuser_byClass_SKIP2_exception')">java.lang.Throwable: 
                     Method Testing3.deleteuser()[pri:3, instance:selenium.Testing3@5faeada1] depends on not successfully finished methods
                     
                  </a>
                   
                  
               </td>
            </tr>
            <tr>
               <td colspan="4" class="detailsBox">
                  <div id="selenium.Testing3_deleteuser_byClass_SKIP2_details"
                       class="testMethodDetails">
                     <div>
                        <b>Name: </b>deleteuser
                     </div>
                     <div>
                        <b>Signature: </b>deleteuser()[pri:3, instance:selenium.Testing3@5faeada1]
                     </div>
                     <div>
                        <b>Start time: </b>23:14:39
                     </div>
                     <div>
                        <b>End time: </b>23:14:39
                     </div>
                     <div>
                        <b>Duration: </b>0 ms
                        
                     </div>
                     <div>
                        <b>Depends on methods:
                           
                        </b>
                        <div>
                               -
                           selenium.Testing3.edituser
                        </div>
                     </div>
                  </div>
               </td>
            </tr>
            <tr>
               <td colspan="4" class="detailsBox">
                  <div id="selenium.Testing3_deleteuser_byClass_SKIP2_exception"
                       class="testMethodDetails">
                     <pre style="padding: 5px; margin: 0;">java.lang.Throwable: Method Testing3.deleteuser()[pri:3, instance:selenium.Testing3@5faeada1] depends on not successfully
                        finished methods
                        at org.testng.internal.Invoker.invokeTestMethods(Invoker.java:887)
                        at org.testng.internal.TestMethodWorker.invokeTestMethods(TestMethodWorker.java:125)
                        at org.testng.internal.TestMethodWorker.run(TestMethodWorker.java:109)
                        at org.testng.TestRunner.privateRun(TestRunner.java:648)
                        at org.testng.TestRunner.run(TestRunner.java:505)
                        at org.testng.SuiteRunner.runTest(SuiteRunner.java:455)
                        at org.testng.SuiteRunner.runSequentially(SuiteRunner.java:450)
                        at org.testng.SuiteRunner.privateRun(SuiteRunner.java:415)
                        at org.testng.SuiteRunner.run(SuiteRunner.java:364)
                        at org.testng.SuiteRunnerWorker.runSuite(SuiteRunnerWorker.java:52)
                        at org.testng.SuiteRunnerWorker.run(SuiteRunnerWorker.java:84)
                        at org.testng.TestNG.runSuitesSequentially(TestNG.java:1208)
                        at org.testng.TestNG.runSuitesLocally(TestNG.java:1137)
                        at org.testng.TestNG.runSuites(TestNG.java:1049)
                        at org.testng.TestNG.run(TestNG.java:1017)
                        at org.testng.TestNG.privateMain(TestNG.java:1354)
                        at org.testng.TestNG.main(TestNG.java:1323)
                     </pre>
                  </div>
               </td>
            </tr>
            <tr id="selenium.Testing3_edituser_byClass_SKIP3_row" class="testMethodStatusSKIP">
               <td width="100%" class="firstMethodCell">
                  <a onclick="toggleDetailsVisibility('selenium.Testing3_edituser_byClass_SKIP3_details')">edituser()</a>
               </td>
               <td nowrap="true">23:14:39</td>
               <td nowrap="true" align="right">0 ms
                  
               </td>
               <td nowrap="true">
                  <a onclick="toggleDetailsVisibility('selenium.Testing3_edituser_byClass_SKIP3_exception')">java.lang.Throwable: 
                     Method Testing3.edituser()[pri:2, instance:selenium.Testing3@5faeada1] depends on not successfully finished methods
                     
                  </a>
                   
                  
               </td>
            </tr>
            <tr>
               <td colspan="4" class="detailsBox">
                  <div id="selenium.Testing3_edituser_byClass_SKIP3_details" class="testMethodDetails">
                     <div>
                        <b>Name: </b>edituser
                     </div>
                     <div>
                        <b>Signature: </b>edituser()[pri:2, instance:selenium.Testing3@5faeada1]
                     </div>
                     <div>
                        <b>Start time: </b>23:14:39
                     </div>
                     <div>
                        <b>End time: </b>23:14:39
                     </div>
                     <div>
                        <b>Duration: </b>0 ms
                        
                     </div>
                     <div>
                        <b>Depends on methods:
                           
                        </b>
                        <div>
                               -
                           selenium.Testing3.createuser
                        </div>
                     </div>
                  </div>
               </td>
            </tr>
            <tr>
               <td colspan="4" class="detailsBox">
                  <div id="selenium.Testing3_edituser_byClass_SKIP3_exception"
                       class="testMethodDetails">
                     <pre style="padding: 5px; margin: 0;">java.lang.Throwable: Method Testing3.edituser()[pri:2, instance:selenium.Testing3@5faeada1] depends on not successfully finished
                        methods
                        at org.testng.internal.Invoker.invokeTestMethods(Invoker.java:887)
                        at org.testng.internal.TestMethodWorker.invokeTestMethods(TestMethodWorker.java:125)
                        at org.testng.internal.TestMethodWorker.run(TestMethodWorker.java:109)
                        at org.testng.TestRunner.privateRun(TestRunner.java:648)
                        at org.testng.TestRunner.run(TestRunner.java:505)
                        at org.testng.SuiteRunner.runTest(SuiteRunner.java:455)
                        at org.testng.SuiteRunner.runSequentially(SuiteRunner.java:450)
                        at org.testng.SuiteRunner.privateRun(SuiteRunner.java:415)
                        at org.testng.SuiteRunner.run(SuiteRunner.java:364)
                        at org.testng.SuiteRunnerWorker.runSuite(SuiteRunnerWorker.java:52)
                        at org.testng.SuiteRunnerWorker.run(SuiteRunnerWorker.java:84)
                        at org.testng.TestNG.runSuitesSequentially(TestNG.java:1208)
                        at org.testng.TestNG.runSuitesLocally(TestNG.java:1137)
                        at org.testng.TestNG.runSuites(TestNG.java:1049)
                        at org.testng.TestNG.run(TestNG.java:1017)
                        at org.testng.TestNG.privateMain(TestNG.java:1354)
                        at org.testng.TestNG.main(TestNG.java:1323)
                     </pre>
                  </div>
               </td>
            </tr>
         </table>
         <br></br>
      </div>
      <div style="margin-top: 15px; color: gray; text-align: center; font-size: 9px;">
         Generated with
         
         <a href="http://code.google.com/p/testng-xslt/" style="color: #8888aa;"
            target="_blank">
            TestNG XSLT
            
         </a>
      </div>
   </body>
</html>